<?xml version="1.0" encoding="UTF-8"?>
<testsuite xmlns:xsi="http://www.w3.org/2001/XMLSchema-instance" xsi:noNamespaceSchemaLocation="https://maven.apache.org/surefire/maven-surefire-plugin/xsd/surefire-test-report-3.0.xsd" version="3.0" name="com.sample.library.runner.CukesRunner" time="0.002" tests="1" errors="1" skipped="0" failures="0">
  <properties>
[...]
</properties>
  <testcase name="initializationError" classname="com.sample.library.runner.CukesRunner" time="0.002">
    <error message="The glue path contained invalid identifiers com/sample/library/step_definitions." type="java.lang.IllegalArgumentException"><![CDATA[java.lang.IllegalArgumentException: The glue path contained invalid identifiers com/sample/library/step_definitions.
]]></error>
  </testcase>
</testsuite>